# JRE version: Java(TM) SE Runtime Environment (7.0_80-b15) (build 1.7.0_80-b15)
# Java VM: Java HotSpot(TM) Server VM (24.80-b11 mixed mode linux-x86 )
Heap
 PSYoungGen      total 64000K, used 2556K [0x9df80000, 0xa2080000, 0xb3500000)
  eden space 61440K, 0% used [0x9df80000,0x9df80000,0xa1b80000)
  from space 2560K, 99% used [0xa1b80000,0xa1dff1f8,0xa1e00000)
  to   space 2560K, 0% used [0xa1e00000,0xa1e00000,0xa2080000)
 ParOldGen       total 40960K, used 25373K [0x73500000, 0x75d00000, 0x9df80000)
  object space 40960K, 61% used [0x73500000,0x74dc7750,0x75d00000)
 PSPermGen       total 16384K, used 3880K [0x6f500000, 0x70500000, 0x73500000)
  object space 16384K, 23% used [0x6f500000,0x6f8ca168,0x70500000)
GC Heap History (9 events):
Event: 2,799 GC heap before
{Heap before GC invocations=1 (full 0):
 PSYoungGen      total 17920K, used 15360K [0x9df80000, 0x9f380000, 0xb3500000)
  eden space 15360K, 100% used [0x9df80000,0x9ee80000,0x9ee80000)
  from space 2560K, 0% used [0x9f100000,0x9f100000,0x9f380000)
  to   space 2560K, 0% used [0x9ee80000,0x9ee80000,0x9f100000)
 ParOldGen       total 40960K, used 0K [0x73500000, 0x75d00000, 0x9df80000)
  object space 40960K, 0% used [0x73500000,0x73500000,0x75d00000)
 PSPermGen       total 16384K, used 3700K [0x6f500000, 0x70500000, 0x73500000)
  object space 16384K, 22% used [0x6f500000,0x6f89d0d0,0x70500000)
Event: 2,846 GC heap after
Heap after GC invocations=1 (full 0):
 PSYoungGen      total 17920K, used 2550K [0x9df80000, 0xa0280000, 0xb3500000)
  eden space 15360K, 0% used [0x9df80000,0x9df80000,0x9ee80000)
  from space 2560K, 99% used [0x9ee80000,0x9f0fdb08,0x9f100000)
  to   space 2560K, 0% used [0xa0000000,0xa0000000,0xa0280000)
 ParOldGen       total 40960K, used 1710K [0x73500000, 0x75d00000, 0x9df80000)
  object space 40960K, 4% used [0x73500000,0x736ab908,0x75d00000)
 PSPermGen       total 16384K, used 3700K [0x6f500000, 0x70500000, 0x73500000)
  object space 16384K, 22% used [0x6f500000,0x6f89d0d0,0x70500000)
}
Event: 4,410 GC heap before
{Heap before GC invocations=2 (full 0):
 PSYoungGen      total 17920K, used 17910K [0x9df80000, 0xa0280000, 0xb3500000)
  eden space 15360K, 100% used [0x9df80000,0x9ee80000,0x9ee80000)
  from space 2560K, 99% used [0x9ee80000,0x9f0fdb08,0x9f100000)
  to   space 2560K, 0% used [0xa0000000,0xa0000000,0xa0280000)
 ParOldGen       total 40960K, used 1710K [0x73500000, 0x75d00000, 0x9df80000)
  object space 40960K, 4% used [0x73500000,0x736ab908,0x75d00000)
 PSPermGen       total 16384K, used 3795K [0x6f500000, 0x70500000, 0x73500000)
  object space 16384K, 23% used [0x6f500000,0x6f8b4c00,0x70500000)
Event: 4,720 GC heap after
Heap after GC invocations=2 (full 0):
 PSYoungGen      total 33280K, used 2546K [0x9df80000, 0xa0280000, 0xb3500000)
  eden space 30720K, 0% used [0x9df80000,0x9df80000,0x9fd80000)
  from space 2560K, 99% used [0xa0000000,0xa027c960,0xa0280000)
  to   space 2560K, 0% used [0x9fd80000,0x9fd80000,0xa0000000)
 ParOldGen       total 40960K, used 4448K [0x73500000, 0x75d00000, 0x9df80000)
  object space 40960K, 10% used [0x73500000,0x73958198,0x75d00000)
 PSPermGen       total 16384K, used 3795K [0x6f500000, 0x70500000, 0x73500000)
  object space 16384K, 23% used [0x6f500000,0x6f8b4c00,0x70500000)
}
Event: 7,747 GC heap before
{Heap before GC invocations=3 (full 0):
 PSYoungGen      total 33280K, used 33266K [0x9df80000, 0xa0280000, 0xb3500000)
  eden space 30720K, 100% used [0x9df80000,0x9fd80000,0x9fd80000)
  from space 2560K, 99% used [0xa0000000,0xa027c960,0xa0280000)
  to   space 2560K, 0% used [0x9fd80000,0x9fd80000,0xa0000000)
 ParOldGen       total 40960K, used 4448K [0x73500000, 0x75d00000, 0x9df80000)
  object space 40960K, 10% used [0x73500000,0x73958198,0x75d00000)
 PSPermGen       total 16384K, used 3836K [0x6f500000, 0x70500000, 0x73500000)
  object space 16384K, 23% used [0x6f500000,0x6f8bf2b8,0x70500000)
Event: 7,840 GC heap after
Heap after GC invocations=3 (full 0):
 PSYoungGen      total 33280K, used 2557K [0x9df80000, 0xa2080000, 0xb3500000)
  eden space 30720K, 0% used [0x9df80000,0x9df80000,0x9fd80000)
  from space 2560K, 99% used [0x9fd80000,0x9ffff7d0,0xa0000000)
  to   space 2560K, 0% used [0xa1e00000,0xa1e00000,0xa2080000)
 ParOldGen       total 40960K, used 10036K [0x73500000, 0x75d00000, 0x9df80000)
  object space 40960K, 24% used [0x73500000,0x73ecd058,0x75d00000)
 PSPermGen       total 16384K, used 3836K [0x6f500000, 0x70500000, 0x73500000)
  object space 16384K, 23% used [0x6f500000,0x6f8bf2b8,0x70500000)
}
Event: 10,488 GC heap before
{Heap before GC invocations=4 (full 0):
 PSYoungGen      total 33280K, used 33277K [0x9df80000, 0xa2080000, 0xb3500000)
  eden space 30720K, 100% used [0x9df80000,0x9fd80000,0x9fd80000)
  from space 2560K, 99% used [0x9fd80000,0x9ffff7d0,0xa0000000)
  to   space 2560K, 0% used [0xa1e00000,0xa1e00000,0xa2080000)
 ParOldGen       total 40960K, used 10036K [0x73500000, 0x75d00000, 0x9df80000)
  object space 40960K, 24% used [0x73500000,0x73ecd058,0x75d00000)
 PSPermGen       total 16384K, used 3850K [0x6f500000, 0x70500000, 0x73500000)
  object space 16384K, 23% used [0x6f500000,0x6f8c2bc8,0x70500000)
Event: 10,612 GC heap after
Heap after GC invocations=4 (full 0):
 PSYoungGen      total 64000K, used 2553K [0x9df80000, 0xa2080000, 0xb3500000)
  eden space 61440K, 0% used [0x9df80000,0x9df80000,0xa1b80000)
  from space 2560K, 99% used [0xa1e00000,0xa207e5c0,0xa2080000)
  to   space 2560K, 0% used [0xa1b80000,0xa1b80000,0xa1e00000)
 ParOldGen       total 40960K, used 15242K [0x73500000, 0x75d00000, 0x9df80000)
  object space 40960K, 37% used [0x73500000,0x743e2a50,0x75d00000)
 PSPermGen       total 16384K, used 3850K [0x6f500000, 0x70500000, 0x73500000)
  object space 16384K, 23% used [0x6f500000,0x6f8c2bc8,0x70500000)
}
Event: 17,971 GC heap before
{Heap before GC invocations=5 (full 0):
 PSYoungGen      total 64000K, used 63993K [0x9df80000, 0xa2080000, 0xb3500000)
  eden space 61440K, 100% used [0x9df80000,0xa1b80000,0xa1b80000)
  from space 2560K, 99% used [0xa1e00000,0xa207e5c0,0xa2080000)
  to   space 2560K, 0% used [0xa1b80000,0xa1b80000,0xa1e00000)
 ParOldGen       total 40960K, used 15242K [0x73500000, 0x75d00000, 0x9df80000)
  object space 40960K, 37% used [0x73500000,0x743e2a50,0x75d00000)
 PSPermGen       total 16384K, used 3880K [0x6f500000, 0x70500000, 0x73500000)
  object space 16384K, 23% used [0x6f500000,0x6f8ca168,0x70500000)

