# JRE version: Java(TM) SE Runtime Environment (7.0_80-b15) (build 1.7.0_80-b15)
# Java VM: Java HotSpot(TM) Server VM (24.80-b11 mixed mode linux-x86 )
Heap
 PSYoungGen      total 69120K, used 8435K [0x9e000000, 0xa2c80000, 0xb3580000)
  eden space 60672K, 0% used [0x9e000000,0x9e000000,0xa1b40000)
  from space 8448K, 99% used [0xa1b40000,0xa237ce48,0xa2380000)
  to   space 7680K, 0% used [0xa2380000,0xa2380000,0xa2b00000)
 ParOldGen       total 40960K, used 22944K [0x73580000, 0x75d80000, 0x9e000000)
  object space 40960K, 56% used [0x73580000,0x74be81b8,0x75d80000)
 PSPermGen       total 16384K, used 3894K [0x6f580000, 0x70580000, 0x73580000)
  object space 16384K, 23% used [0x6f580000,0x6f94da50,0x70580000)
GC Heap History (10 events):
Event: 4,553 GC heap after
Heap after GC invocations=2 (full 0):
 PSYoungGen      total 17920K, used 2556K [0x9e000000, 0xa0300000, 0xb3580000)
  eden space 15360K, 0% used [0x9e000000,0x9e000000,0x9ef00000)
  from space 2560K, 99% used [0x9f180000,0x9f3ff0b8,0x9f400000)
  to   space 2560K, 0% used [0x9ef00000,0x9ef00000,0x9f180000)
 ParOldGen       total 40960K, used 3939K [0x73580000, 0x75d80000, 0x9e000000)
  object space 40960K, 9% used [0x73580000,0x73958dc8,0x75d80000)
 PSPermGen       total 16384K, used 3796K [0x6f580000, 0x70580000, 0x73580000)
  object space 16384K, 23% used [0x6f580000,0x6f9351f0,0x70580000)
}
Event: 5,891 GC heap before
{Heap before GC invocations=3 (full 0):
 PSYoungGen      total 17920K, used 17916K [0x9e000000, 0xa0300000, 0xb3580000)
  eden space 15360K, 100% used [0x9e000000,0x9ef00000,0x9ef00000)
  from space 2560K, 99% used [0x9f180000,0x9f3ff0b8,0x9f400000)
  to   space 2560K, 0% used [0x9ef00000,0x9ef00000,0x9f180000)
 ParOldGen       total 40960K, used 3939K [0x73580000, 0x75d80000, 0x9e000000)
  object space 40960K, 9% used [0x73580000,0x73958dc8,0x75d80000)
 PSPermGen       total 16384K, used 3823K [0x6f580000, 0x70580000, 0x73580000)
  object space 16384K, 23% used [0x6f580000,0x6f93be28,0x70580000)
Event: 5,974 GC heap after
Heap after GC invocations=3 (full 0):
 PSYoungGen      total 17920K, used 2551K [0x9e000000, 0xa0300000, 0xb3580000)
  eden space 15360K, 0% used [0x9e000000,0x9e000000,0x9ef00000)
  from space 2560K, 99% used [0x9ef00000,0x9f17dff8,0x9f180000)
  to   space 2560K, 0% used [0xa0080000,0xa0080000,0xa0300000)
 ParOldGen       total 40960K, used 6952K [0x73580000, 0x75d80000, 0x9e000000)
  object space 40960K, 16% used [0x73580000,0x73c4a390,0x75d80000)
 PSPermGen       total 16384K, used 3823K [0x6f580000, 0x70580000, 0x73580000)
  object space 16384K, 23% used [0x6f580000,0x6f93be28,0x70580000)
}
Event: 7,635 GC heap before
{Heap before GC invocations=4 (full 0):
 PSYoungGen      total 17920K, used 17911K [0x9e000000, 0xa0300000, 0xb3580000)
  eden space 15360K, 100% used [0x9e000000,0x9ef00000,0x9ef00000)
  from space 2560K, 99% used [0x9ef00000,0x9f17dff8,0x9f180000)
  to   space 2560K, 0% used [0xa0080000,0xa0080000,0xa0300000)
 ParOldGen       total 40960K, used 6952K [0x73580000, 0x75d80000, 0x9e000000)
  object space 40960K, 16% used [0x73580000,0x73c4a390,0x75d80000)
 PSPermGen       total 16384K, used 3837K [0x6f580000, 0x70580000, 0x73580000)
  object space 16384K, 23% used [0x6f580000,0x6f93f750,0x70580000)
Event: 7,688 GC heap after
Heap after GC invocations=4 (full 0):
 PSYoungGen      total 33280K, used 2559K [0x9e000000, 0xa0300000, 0xb3580000)
  eden space 30720K, 0% used [0x9e000000,0x9e000000,0x9fe00000)
  from space 2560K, 99% used [0xa0080000,0xa02fff00,0xa0300000)
  to   space 2560K, 0% used [0x9fe00000,0x9fe00000,0xa0080000)
 ParOldGen       total 40960K, used 9389K [0x73580000, 0x75d80000, 0x9e000000)
  object space 40960K, 22% used [0x73580000,0x73eab5c0,0x75d80000)
 PSPermGen       total 16384K, used 3837K [0x6f580000, 0x70580000, 0x73580000)
  object space 16384K, 23% used [0x6f580000,0x6f93f750,0x70580000)
}
Event: 10,711 GC heap before
{Heap before GC invocations=5 (full 0):
 PSYoungGen      total 33280K, used 33279K [0x9e000000, 0xa0300000, 0xb3580000)
  eden space 30720K, 100% used [0x9e000000,0x9fe00000,0x9fe00000)
  from space 2560K, 99% used [0xa0080000,0xa02fff00,0xa0300000)
  to   space 2560K, 0% used [0x9fe00000,0x9fe00000,0xa0080000)
 ParOldGen       total 40960K, used 9389K [0x73580000, 0x75d80000, 0x9e000000)
  object space 40960K, 22% used [0x73580000,0x73eab5c0,0x75d80000)
 PSPermGen       total 16384K, used 3853K [0x6f580000, 0x70580000, 0x73580000)
  object space 16384K, 23% used [0x6f580000,0x6f9435a0,0x70580000)
Event: 10,812 GC heap after
Heap after GC invocations=5 (full 0):
 PSYoungGen      total 33280K, used 2549K [0x9e000000, 0xa2b00000, 0xb3580000)
  eden space 30720K, 0% used [0x9e000000,0x9e000000,0x9fe00000)
  from space 2560K, 99% used [0x9fe00000,0xa007d768,0xa0080000)
  to   space 7680K, 0% used [0xa2380000,0xa2380000,0xa2b00000)
 ParOldGen       total 40960K, used 14607K [0x73580000, 0x75d80000, 0x9e000000)
  object space 40960K, 35% used [0x73580000,0x743c3d28,0x75d80000)
 PSPermGen       total 16384K, used 3853K [0x6f580000, 0x70580000, 0x73580000)
  object space 16384K, 23% used [0x6f580000,0x6f9435a0,0x70580000)
}
Event: 16,025 GC heap before
{Heap before GC invocations=6 (full 0):
 PSYoungGen      total 33280K, used 33269K [0x9e000000, 0xa2b00000, 0xb3580000)
  eden space 30720K, 100% used [0x9e000000,0x9fe00000,0x9fe00000)
  from space 2560K, 99% used [0x9fe00000,0xa007d768,0xa0080000)
  to   space 7680K, 0% used [0xa2380000,0xa2380000,0xa2b00000)
 ParOldGen       total 40960K, used 14607K [0x73580000, 0x75d80000, 0x9e000000)
  object space 40960K, 35% used [0x73580000,0x743c3d28,0x75d80000)
 PSPermGen       total 16384K, used 3868K [0x6f580000, 0x70580000, 0x73580000)
  object space 16384K, 23% used [0x6f580000,0x6f947128,0x70580000)
Event: 16,175 GC heap after
Heap after GC invocations=6 (full 0):
 PSYoungGen      total 68352K, used 7373K [0x9e000000, 0xa2c80000, 0xb3580000)
  eden space 60672K, 0% used [0x9e000000,0x9e000000,0xa1b40000)
  from space 7680K, 96% used [0xa2380000,0xa2ab3600,0xa2b00000)
  to   space 8448K, 0% used [0xa1b40000,0xa1b40000,0xa2380000)
 ParOldGen       total 40960K, used 14607K [0x73580000, 0x75d80000, 0x9e000000)
  object space 40960K, 35% used [0x73580000,0x743c3d28,0x75d80000)
 PSPermGen       total 16384K, used 3868K [0x6f580000, 0x70580000, 0x73580000)
  object space 16384K, 23% used [0x6f580000,0x6f947128,0x70580000)
}
Event: 27,594 GC heap before
{Heap before GC invocations=7 (full 0):
 PSYoungGen      total 68352K, used 68045K [0x9e000000, 0xa2c80000, 0xb3580000)
  eden space 60672K, 100% used [0x9e000000,0xa1b40000,0xa1b40000)
  from space 7680K, 96% used [0xa2380000,0xa2ab3600,0xa2b00000)
  to   space 8448K, 0% used [0xa1b40000,0xa1b40000,0xa2380000)
 ParOldGen       total 40960K, used 14607K [0x73580000, 0x75d80000, 0x9e000000)
  object space 40960K, 35% used [0x73580000,0x743c3d28,0x75d80000)
 PSPermGen       total 16384K, used 3894K [0x6f580000, 0x70580000, 0x73580000)
  object space 16384K, 23% used [0x6f580000,0x6f94da50,0x70580000)

